# JRE version: Java(TM) SE Runtime Environment (8.0_151-b12) (build 1.8.0_151-b12)
# Java VM: Java HotSpot(TM) 64-Bit Server VM (25.151-b12 mixed mode windows-amd64 compressed oops)
Heap:
 PSYoungGen      total 328704K, used 79081K [0x00000000d5d80000, 0x00000000eb480000, 0x0000000100000000)
  eden space 306688K, 21% used [0x00000000d5d80000,0x00000000d9de3240,0x00000000e8900000)
  from space 22016K, 59% used [0x00000000e9e80000,0x00000000eab571e8,0x00000000eb400000)
  to   space 22016K, 0% used [0x00000000e8900000,0x00000000e8900000,0x00000000e9e80000)
 ParOldGen       total 105472K, used 31326K [0x0000000081800000, 0x0000000087f00000, 0x00000000d5d80000)
  object space 105472K, 29% used [0x0000000081800000,0x00000000836979d0,0x0000000087f00000)
 Metaspace       used 54941K, capacity 56090K, committed 56232K, reserved 1097728K
  class space    used 6937K, capacity 7232K, committed 7344K, reserved 1048576K
GC Heap History (10 events):
Event: 178.847 GC heap before
{Heap before GC invocations=14 (full 3):
 PSYoungGen      total 266240K, used 19455K [0x00000000d5d80000, 0x00000000e7b80000, 0x0000000100000000)
  eden space 246784K, 0% used [0x00000000d5d80000,0x00000000d5d80000,0x00000000e4e80000)
  from space 19456K, 99% used [0x00000000e5680000,0x00000000e697fc80,0x00000000e6980000)
  to   space 18432K, 0% used [0x00000000e6980000,0x00000000e6980000,0x00000000e7b80000)
 ParOldGen       total 105472K, used 27105K [0x0000000081800000, 0x0000000087f00000, 0x00000000d5d80000)
  object space 105472K, 25% used [0x0000000081800000,0x0000000083278448,0x0000000087f00000)
 Metaspace       used 53169K, capacity 53878K, committed 54312K, reserved 1097728K
  class space    used 6767K, capacity 6960K, committed 6960K, reserved 1048576K
Event: 179.106 GC heap after
Heap after GC invocations=14 (full 3):
 PSYoungGen      total 266240K, used 0K [0x00000000d5d80000, 0x00000000e7b80000, 0x0000000100000000)
  eden space 246784K, 0% used [0x00000000d5d80000,0x00000000d5d80000,0x00000000e4e80000)
  from space 19456K, 0% used [0x00000000e5680000,0x00000000e5680000,0x00000000e6980000)
  to   space 18432K, 0% used [0x00000000e6980000,0x00000000e6980000,0x00000000e7b80000)
 ParOldGen       total 105472K, used 38467K [0x0000000081800000, 0x0000000087f00000, 0x00000000d5d80000)
  object space 105472K, 36% used [0x0000000081800000,0x0000000083d90f00,0x0000000087f00000)
 Metaspace       used 53133K, capacity 53784K, committed 54312K, reserved 1097728K
  class space    used 6764K, capacity 6954K, committed 6960K, reserved 1048576K
}
Event: 182.268 GC heap before
{Heap before GC invocations=15 (full 3):
 PSYoungGen      total 266240K, used 246784K [0x00000000d5d80000, 0x00000000e7b80000, 0x0000000100000000)
  eden space 246784K, 100% used [0x00000000d5d80000,0x00000000e4e80000,0x00000000e4e80000)
  from space 19456K, 0% used [0x00000000e5680000,0x00000000e5680000,0x00000000e6980000)
  to   space 18432K, 0% used [0x00000000e6980000,0x00000000e6980000,0x00000000e7b80000)
 ParOldGen       total 105472K, used 38467K [0x0000000081800000, 0x0000000087f00000, 0x00000000d5d80000)
  object space 105472K, 36% used [0x0000000081800000,0x0000000083d90f00,0x0000000087f00000)
 Metaspace       used 54027K, capacity 54956K, committed 55080K, reserved 1097728K
  class space    used 6857K, capacity 7102K, committed 7216K, reserved 1048576K
Event: 182.286 GC heap after
Heap after GC invocations=15 (full 3):
 PSYoungGen      total 270336K, used 12845K [0x00000000d5d80000, 0x00000000eb500000, 0x0000000100000000)
  eden space 251904K, 0% used [0x00000000d5d80000,0x00000000d5d80000,0x00000000e5380000)
  from space 18432K, 69% used [0x00000000e6980000,0x00000000e760b688,0x00000000e7b80000)
  to   space 22528K, 0% used [0x00000000e5380000,0x00000000e5380000,0x00000000e6980000)
 ParOldGen       total 105472K, used 38475K [0x0000000081800000, 0x0000000087f00000, 0x00000000d5d80000)
  object space 105472K, 36% used [0x0000000081800000,0x0000000083d92f00,0x0000000087f00000)
 Metaspace       used 54027K, capacity 54956K, committed 55080K, reserved 1097728K
  class space    used 6857K, capacity 7102K, committed 7216K, reserved 1048576K
}
Event: 275.400 GC heap before
{Heap before GC invocations=16 (full 3):
 PSYoungGen      total 270336K, used 95790K [0x00000000d5d80000, 0x00000000eb500000, 0x0000000100000000)
  eden space 251904K, 32% used [0x00000000d5d80000,0x00000000dae80190,0x00000000e5380000)
  from space 18432K, 69% used [0x00000000e6980000,0x00000000e760b688,0x00000000e7b80000)
  to   space 22528K, 0% used [0x00000000e5380000,0x00000000e5380000,0x00000000e6980000)
 ParOldGen       total 105472K, used 38475K [0x0000000081800000, 0x0000000087f00000, 0x00000000d5d80000)
  object space 105472K, 36% used [0x0000000081800000,0x0000000083d92f00,0x0000000087f00000)
 Metaspace       used 54199K, capacity 55226K, committed 55336K, reserved 1097728K
  class space    used 6869K, capacity 7117K, committed 7216K, reserved 1048576K
Event: 275.413 GC heap after
Heap after GC invocations=16 (full 3):
 PSYoungGen      total 274432K, used 6961K [0x00000000d5d80000, 0x00000000eb400000, 0x0000000100000000)
  eden space 251904K, 0% used [0x00000000d5d80000,0x00000000d5d80000,0x00000000e5380000)
  from space 22528K, 30% used [0x00000000e5380000,0x00000000e5a4c790,0x00000000e6980000)
  to   space 22016K, 0% used [0x00000000e9e80000,0x00000000e9e80000,0x00000000eb400000)
 ParOldGen       total 105472K, used 38483K [0x0000000081800000, 0x0000000087f00000, 0x00000000d5d80000)
  object space 105472K, 36% used [0x0000000081800000,0x0000000083d94f00,0x0000000087f00000)
 Metaspace       used 54199K, capacity 55226K, committed 55336K, reserved 1097728K
  class space    used 6869K, capacity 7117K, committed 7216K, reserved 1048576K
}
Event: 275.413 GC heap before
{Heap before GC invocations=17 (full 4):
 PSYoungGen      total 274432K, used 6961K [0x00000000d5d80000, 0x00000000eb400000, 0x0000000100000000)
  eden space 251904K, 0% used [0x00000000d5d80000,0x00000000d5d80000,0x00000000e5380000)
  from space 22528K, 30% used [0x00000000e5380000,0x00000000e5a4c790,0x00000000e6980000)
  to   space 22016K, 0% used [0x00000000e9e80000,0x00000000e9e80000,0x00000000eb400000)
 ParOldGen       total 105472K, used 38483K [0x0000000081800000, 0x0000000087f00000, 0x00000000d5d80000)
  object space 105472K, 36% used [0x0000000081800000,0x0000000083d94f00,0x0000000087f00000)
 Metaspace       used 54199K, capacity 55226K, committed 55336K, reserved 1097728K
  class space    used 6869K, capacity 7117K, committed 7216K, reserved 1048576K
Event: 275.658 GC heap after
Heap after GC invocations=17 (full 4):
 PSYoungGen      total 274432K, used 0K [0x00000000d5d80000, 0x00000000eb400000, 0x0000000100000000)
  eden space 251904K, 0% used [0x00000000d5d80000,0x00000000d5d80000,0x00000000e5380000)
  from space 22528K, 0% used [0x00000000e5380000,0x00000000e5380000,0x00000000e6980000)
  to   space 22016K, 0% used [0x00000000e9e80000,0x00000000e9e80000,0x00000000eb400000)
 ParOldGen       total 105472K, used 31318K [0x0000000081800000, 0x0000000087f00000, 0x00000000d5d80000)
  object space 105472K, 29% used [0x0000000081800000,0x00000000836959d0,0x0000000087f00000)
 Metaspace       used 54161K, capacity 55126K, committed 55336K, reserved 1097728K
  class space    used 6866K, capacity 7109K, committed 7216K, reserved 1048576K
}
Event: 278.751 GC heap before
{Heap before GC invocations=18 (full 4):
 PSYoungGen      total 274432K, used 251904K [0x00000000d5d80000, 0x00000000eb400000, 0x0000000100000000)
  eden space 251904K, 100% used [0x00000000d5d80000,0x00000000e5380000,0x00000000e5380000)
  from space 22528K, 0% used [0x00000000e5380000,0x00000000e5380000,0x00000000e6980000)
  to   space 22016K, 0% used [0x00000000e9e80000,0x00000000e9e80000,0x00000000eb400000)
 ParOldGen       total 105472K, used 31318K [0x0000000081800000, 0x0000000087f00000, 0x00000000d5d80000)
  object space 105472K, 29% used [0x0000000081800000,0x00000000836959d0,0x0000000087f00000)
 Metaspace       used 54836K, capacity 55918K, committed 56104K, reserved 1097728K
  class space    used 6926K, capacity 7213K, committed 7216K, reserved 1048576K
Event: 278.768 GC heap after
Heap after GC invocations=18 (full 4):
 PSYoungGen      total 328704K, used 13148K [0x00000000d5d80000, 0x00000000eb480000, 0x0000000100000000)
  eden space 306688K, 0% used [0x00000000d5d80000,0x00000000d5d80000,0x00000000e8900000)
  from space 22016K, 59% used [0x00000000e9e80000,0x00000000eab571e8,0x00000000eb400000)
  to   space 22016K, 0% used [0x00000000e8900000,0x00000000e8900000,0x00000000e9e80000)
 ParOldGen       total 105472K, used 31326K [0x0000000081800000, 0x0000000087f00000, 0x00000000d5d80000)
  object space 105472K, 29% used [0x0000000081800000,0x00000000836979d0,0x0000000087f00000)
 Metaspace       used 54836K, capacity 55918K, committed 56104K, reserved 1097728K
  class space    used 6926K, capacity 7213K, committed 7216K, reserved 1048576K
}

